김
이
박
정
최
조
강
윤
장
임
신
유
한
오
서
전
권
황
안
송
홍
양
고
문
손
배
백
허
노
남
심
하
주
구
곽
성
차
우
진
민
류
나
지
엄
변
채
원
방
천
공
현
함
여
염
석
추
도
소
설
선
마
길
연
위
표
명
기
반
라
왕
금
옥
육
인
맹
제
모
남궁
탁
국
어
경
은
편
용
예
봉
사
부
황보
가
복
태
목
형
피
두
감
호
제갈
지
서
민
준
윤
현
우
은
하
연
아
원
예
유
진
수
주
시
영
재
성
승
호
율
희
태
정
다
빈
도
채
나
소
찬
이
인
린
경
세
훈
후
건
가
혜
규
온
한
혁
동
안
리
선
환
효
라
석
솔
상
해
형
미
보
림
기
강
랑
용
제
범
욱
슬
완
담
람
운
별
로
오
헌
종
결
루
설
겸
비
엘
대
단
여
명
휘
사
웅
언
송
근
신
늘
화
봄
음
창
령
의
섭
양
산
병
솜
균
울
름
든
홍
임
래
고
교
무
새
모
애
초
을
중
엽
철
요
일
권
니
레
광
조
노
란
빛
두
관
문
려
식
남
자
열
택
장
에
률
론
표
구
누
스
향
마
록
늬
국
치
순
망
백
금
어
부
르
익
필
바
차
셉
쁨
본
삭
류
평
학
더
그
총
배
푸
믿
협
련
올
흔
샛
립
훤
샘
드
카
륜
룸
움
샤
덕
검
닮
야
숙
곤
탁
들
흰
천
얀
밀
벼
윗
량
회
함
휼
충
힘
롬
목
체
청
룬
녹
벽
른
황
룩
테
클
디
난
행
흠
렬
앤
암
피
옥
겨
틴
렉
알
반
내
복
셀
롱
데
잎
헤
케
햇
헬
빗
저
탄
룡
묵
풍
만
릭
브
얼
워
락
윰
실
축
벨
달
슈
맑
길
매
와
엠
견
크
메
벤
옹
줄
물
젤
님
베
살
왕
히
옴
슨
헨
감
플
월
섬
릴
몬
돈
묘
콥
토
빅
앨
닻
렌
셸
앙
티
텔
공
풀
잔
덴
듬
첼
퍼
글
쉘
콜
춘
블
슐
손
탐
즈
파
캐
멜
귀
밝
례
